
> itsm-app@0.1.0 build
> next build

▲ Next.js 16.1.6 (Turbopack)
- Environments: .env.local, .env

⚠ The "middleware" file convention is deprecated. Please use "proxy" instead. Learn more: https://nextjs.org/docs/messages/middleware-to-proxy
  Creating an optimized production build ...
✓ Compiled successfully in 5.6s
  Running TypeScript ...
Failed to compile.

./app/roles/actions.ts:239:9
Type error: Element implicitly has an 'any' type because expression of type 'Role' can't be used to index type 'Record<Role, string[]>'.
  Property 'CUSTOM' does not exist on type 'Record<Role, string[]>'.

[0m [90m 237 |[39m     rolePermissions[33m.[39mforEach(rp [33m=>[39m {
 [90m 238 |[39m       [36mif[39m (rp[33m.[39mrole) {
[31m[1m>[22m[39m[90m 239 |[39m         standardRolePermissions[rp[33m.[39mrole][33m.[39mpush(rp[33m.[39mpermission[33m.[39mname)
 [90m     |[39m         [31m[1m^[22m[39m
 [90m 240 |[39m       }
 [90m 241 |[39m     })
 [90m 242 |[39m[0m
Next.js build worker exited with code: 1 and signal: null
